Started GET "/" for 127.0.0.1 at 2023-01-20 18:09:54 +0000
  [1m[35m (16.0ms)[0m  [1m[34mSELECT sqlite_version(*)[0m
  [1m[35m (1.3ms)[0m  [1m[34mSELECT "schema_migrations"."version" FROM "schema_migrations" ORDER BY "schema_migrations"."version" ASC[0m
Processing by HomeController#index as HTML
  [1m[35m (0.2ms)[0m  [1m[34mSELECT COUNT(*) FROM "articles" WHERE (status = 0)[0m
  ↳ app/controllers/home_controller.rb:12:in `find_articles'
  Rendering layout layouts/application.html.erb
  Rendering home/index.html.erb within layouts/application
  [1m[36mArticle Load (0.3ms)[0m  [1m[34mSELECT "articles".* FROM "articles" WHERE (status = 0) ORDER BY "articles"."created_at" DESC LIMIT ? OFFSET ?[0m  [["LIMIT", 1], ["OFFSET", 0]]
  ↳ app/views/home/index.html.erb:1
  [1m[36mUser Load (0.5ms)[0m  [1m[34mSELECT "users".* FROM "users" WHERE "users"."id" = ? LIMIT ?[0m  [["id", 1], ["LIMIT", 1]]
  ↳ app/views/home/index.html.erb:9
  [1m[36mActionText::RichText Load (0.4ms)[0m  [1m[34mSELECT "action_text_rich_texts".* FROM "action_text_rich_texts" WHERE "action_text_rich_texts"."record_id" = ? AND "action_text_rich_texts"."record_type" = ? AND "action_text_rich_texts"."name" = ? LIMIT ?[0m  [["record_id", 1], ["record_type", "Article"], ["name", "body"], ["LIMIT", 1]]
  ↳ app/views/home/index.html.erb:11
  Rendered home/index.html.erb within layouts/application (Duration: 190.1ms | Allocations: 23269)
[Webpacker] Everything's up-to-date. Nothing to do
  Rendered layouts/_navbar.html.erb (Duration: 4.6ms | Allocations: 562)
  Rendered shared/_message.html.erb (Duration: 1.9ms | Allocations: 219)
  Rendered layout layouts/application.html.erb (Duration: 1002.0ms | Allocations: 120109)
Completed 200 OK in 1268ms (Views: 1026.3ms | ActiveRecord: 6.0ms | Allocations: 129564)


Started GET "/first-article" for 127.0.0.1 at 2023-01-20 18:10:00 +0000
Processing by ArticlesController#show as HTML
  Parameters: {"id"=>"first-article"}
  [1m[36mArticle Load (0.3ms)[0m  [1m[34mSELECT "articles".* FROM "articles" WHERE "articles"."slug" = ? LIMIT ?[0m  [["slug", "first-article"], ["LIMIT", 1]]
  ↳ app/controllers/articles_controller.rb:67:in `set_article'
  [1m[36mUser Load (0.4ms)[0m  [1m[34mSELECT "users".* FROM "users" WHERE "users"."id" = ? LIMIT ?[0m  [["id", 1], ["LIMIT", 1]]
  ↳ app/controllers/articles_controller.rb:12:in `show'
  Rendering layout layouts/application.html.erb
  Rendering articles/show.html.erb within layouts/application
  [1m[36mActionText::RichText Load (0.5ms)[0m  [1m[34mSELECT "action_text_rich_texts".* FROM "action_text_rich_texts" WHERE "action_text_rich_texts"."record_id" = ? AND "action_text_rich_texts"."record_type" = ? AND "action_text_rich_texts"."name" = ? LIMIT ?[0m  [["record_id", 1], ["record_type", "Article"], ["name", "body"], ["LIMIT", 1]]
  ↳ app/views/articles/show.html.erb:12
  Rendered /Users/rutvijkulkarni/.rbenv/versions/2.7.2/lib/ruby/gems/2.7.0/gems/actiontext-6.1.3.1/app/views/action_text/content/_layout.html.erb (Duration: 5.6ms | Allocations: 392)
  [1m[36mComment Load (0.2ms)[0m  [1m[34mSELECT "comments".* FROM "comments" WHERE "comments"."article_id" = ?[0m  [["article_id", 1]]
  ↳ app/views/articles/show.html.erb:39
  [1m[36mCACHE User Load (0.1ms)[0m  [1m[34mSELECT "users".* FROM "users" WHERE "users"."id" = ? LIMIT ?[0m  [["id", 1], ["LIMIT", 1]]
  ↳ app/views/articles/show.html.erb:41
  Rendered articles/show.html.erb within layouts/application (Duration: 41.4ms | Allocations: 7897)
[Webpacker] Everything's up-to-date. Nothing to do
  Rendered layouts/_navbar.html.erb (Duration: 1.3ms | Allocations: 179)
  Rendered shared/_message.html.erb (Duration: 0.2ms | Allocations: 49)
  Rendered layout layouts/application.html.erb (Duration: 58.3ms | Allocations: 13217)
Completed 200 OK in 108ms (Views: 61.7ms | ActiveRecord: 2.4ms | Allocations: 19220)


Started GET "/" for 127.0.0.1 at 2023-01-20 18:10:03 +0000
Processing by HomeController#index as HTML
  [1m[35m (0.3ms)[0m  [1m[34mSELECT COUNT(*) FROM "articles" WHERE (status = 0)[0m
  ↳ app/controllers/home_controller.rb:12:in `find_articles'
  Rendering layout layouts/application.html.erb
  Rendering home/index.html.erb within layouts/application
  [1m[36mArticle Load (0.5ms)[0m  [1m[34mSELECT "articles".* FROM "articles" WHERE (status = 0) ORDER BY "articles"."created_at" DESC LIMIT ? OFFSET ?[0m  [["LIMIT", 1], ["OFFSET", 0]]
  ↳ app/views/home/index.html.erb:1
  [1m[36mUser Load (0.2ms)[0m  [1m[34mSELECT "users".* FROM "users" WHERE "users"."id" = ? LIMIT ?[0m  [["id", 1], ["LIMIT", 1]]
  ↳ app/views/home/index.html.erb:9
  [1m[36mActionText::RichText Load (0.2ms)[0m  [1m[34mSELECT "action_text_rich_texts".* FROM "action_text_rich_texts" WHERE "action_text_rich_texts"."record_id" = ? AND "action_text_rich_texts"."record_type" = ? AND "action_text_rich_texts"."name" = ? LIMIT ?[0m  [["record_id", 1], ["record_type", "Article"], ["name", "body"], ["LIMIT", 1]]
  ↳ app/views/home/index.html.erb:11
  Rendered home/index.html.erb within layouts/application (Duration: 21.2ms | Allocations: 2580)
[Webpacker] Everything's up-to-date. Nothing to do
  Rendered layouts/_navbar.html.erb (Duration: 1.0ms | Allocations: 224)
  Rendered shared/_message.html.erb (Duration: 0.3ms | Allocations: 49)
  Rendered layout layouts/application.html.erb (Duration: 59.1ms | Allocations: 8576)
Completed 200 OK in 79ms (Views: 60.3ms | ActiveRecord: 1.1ms | Allocations: 9550)


Started GET "/users/sign_in" for 127.0.0.1 at 2023-01-20 18:10:05 +0000
Processing by Devise::SessionsController#new as HTML
  Rendering layout layouts/application.html.erb
  Rendering devise/sessions/new.html.erb within layouts/application
  Rendered devise/shared/_error_messages.html.erb (Duration: 2.3ms | Allocations: 220)
  Rendered devise/shared/_links.html.erb (Duration: 3.3ms | Allocations: 515)
  Rendered devise/sessions/new.html.erb within layouts/application (Duration: 97.8ms | Allocations: 8943)
[Webpacker] Everything's up-to-date. Nothing to do
  Rendered layouts/_navbar.html.erb (Duration: 1.8ms | Allocations: 200)
  Rendered shared/_message.html.erb (Duration: 0.1ms | Allocations: 49)
  Rendered layout layouts/application.html.erb (Duration: 121.9ms | Allocations: 14259)
Completed 200 OK in 139ms (Views: 128.8ms | ActiveRecord: 0.0ms | Allocations: 16339)


Started GET "/users/sign_up" for 127.0.0.1 at 2023-01-20 18:10:08 +0000
Processing by Users::RegistrationsController#new as HTML
  Rendering layout layouts/application.html.erb
  Rendering devise/registrations/new.html.erb within layouts/application
  Rendered devise/shared/_error_messages.html.erb (Duration: 0.1ms | Allocations: 42)
  Rendered devise/shared/_links.html.erb (Duration: 0.6ms | Allocations: 132)
  Rendered devise/registrations/new.html.erb within layouts/application (Duration: 12.7ms | Allocations: 2080)
[Webpacker] Everything's up-to-date. Nothing to do
  Rendered layouts/_navbar.html.erb (Duration: 0.4ms | Allocations: 200)
  Rendered shared/_message.html.erb (Duration: 0.1ms | Allocations: 49)
  Rendered layout layouts/application.html.erb (Duration: 34.6ms | Allocations: 7543)
Completed 200 OK in 49ms (Views: 48.3ms | ActiveRecord: 0.0ms | Allocations: 9880)


Started POST "/users" for 127.0.0.1 at 2023-01-20 18:10:34 +0000
Processing by Users::RegistrationsController#create as HTML
  Parameters: {"authenticity_token"=>"[FILTERED]", "user"=>{"first_name"=>"Test", "last_name"=>"User", "email"=>"testuser@gmail.com", "password"=>"[FILTERED]", "password_confirmation"=>"[FILTERED]"}, "commit"=>"Sign up"}
  [1m[36mTRANSACTION (0.1ms)[0m  [1m[36mbegin transaction[0m
  [1m[36mUser Exists? (0.2ms)[0m  [1m[34mSELECT 1 AS one FROM "users" WHERE "users"."email" = ? LIMIT ?[0m  [["email", "testuser@gmail.com"], ["LIMIT", 1]]
  [1m[36mUser Create (1.7ms)[0m  [1m[32mINSERT INTO "users" ("email", "encrypted_password", "first_name", "last_name") VALUES (?, ?, ?, ?)[0m  [["email", "testuser@gmail.com"], ["encrypted_password", "$2a$12$NfgkVtzs0W8l2SDl5YBwOuikGX44KfRHiDt7ZNpWXUqWrj1FVvdsW"], ["first_name", "Test"], ["last_name", "User"]]
  [1m[36mTRANSACTION (2.4ms)[0m  [1m[36mcommit transaction[0m
Redirected to http://127.0.0.1:3000/
Completed 302 Found in 686ms (ActiveRecord: 4.4ms | Allocations: 10264)


Started GET "/" for 127.0.0.1 at 2023-01-20 18:10:35 +0000
Processing by HomeController#index as HTML
  [1m[35m (0.4ms)[0m  [1m[34mSELECT COUNT(*) FROM "articles" WHERE (status = 0)[0m
  ↳ app/controllers/home_controller.rb:12:in `find_articles'
  Rendering layout layouts/application.html.erb
  Rendering home/index.html.erb within layouts/application
  [1m[36mArticle Load (0.6ms)[0m  [1m[34mSELECT "articles".* FROM "articles" WHERE (status = 0) ORDER BY "articles"."created_at" DESC LIMIT ? OFFSET ?[0m  [["LIMIT", 1], ["OFFSET", 0]]
  ↳ app/views/home/index.html.erb:1
  [1m[36mUser Load (0.2ms)[0m  [1m[34mSELECT "users".* FROM "users" WHERE "users"."id" = ? LIMIT ?[0m  [["id", 1], ["LIMIT", 1]]
  ↳ app/views/home/index.html.erb:9
  [1m[36mActionText::RichText Load (0.2ms)[0m  [1m[34mSELECT "action_text_rich_texts".* FROM "action_text_rich_texts" WHERE "action_text_rich_texts"."record_id" = ? AND "action_text_rich_texts"."record_type" = ? AND "action_text_rich_texts"."name" = ? LIMIT ?[0m  [["record_id", 1], ["record_type", "Article"], ["name", "body"], ["LIMIT", 1]]
  ↳ app/views/home/index.html.erb:11
  Rendered home/index.html.erb within layouts/application (Duration: 10.6ms | Allocations: 2541)
[Webpacker] Everything's up-to-date. Nothing to do
  [1m[36mUser Load (0.2ms)[0m  [1m[34mSELECT "users".* FROM "users" WHERE "users"."id" = ? ORDER BY "users"."id" ASC LIMIT ?[0m  [["id", 2], ["LIMIT", 1]]
  ↳ app/views/layouts/_navbar.html.erb:8
  Rendered layouts/_navbar.html.erb (Duration: 2.1ms | Allocations: 934)
  Rendered shared/_message.html.erb (Duration: 0.2ms | Allocations: 58)
  Rendered layout layouts/application.html.erb (Duration: 25.7ms | Allocations: 8723)
Completed 200 OK in 52ms (Views: 48.6ms | ActiveRecord: 1.6ms | Allocations: 9688)


Started GET "/first-article" for 127.0.0.1 at 2023-01-20 18:10:39 +0000
Processing by ArticlesController#show as HTML
  Parameters: {"id"=>"first-article"}
  [1m[36mArticle Load (0.1ms)[0m  [1m[34mSELECT "articles".* FROM "articles" WHERE "articles"."slug" = ? LIMIT ?[0m  [["slug", "first-article"], ["LIMIT", 1]]
  ↳ app/controllers/articles_controller.rb:67:in `set_article'
  [1m[36mUser Load (0.1ms)[0m  [1m[34mSELECT "users".* FROM "users" WHERE "users"."id" = ? LIMIT ?[0m  [["id", 1], ["LIMIT", 1]]
  ↳ app/controllers/articles_controller.rb:12:in `show'
  Rendering layout layouts/application.html.erb
  Rendering articles/show.html.erb within layouts/application
  [1m[36mActionText::RichText Load (0.3ms)[0m  [1m[34mSELECT "action_text_rich_texts".* FROM "action_text_rich_texts" WHERE "action_text_rich_texts"."record_id" = ? AND "action_text_rich_texts"."record_type" = ? AND "action_text_rich_texts"."name" = ? LIMIT ?[0m  [["record_id", 1], ["record_type", "Article"], ["name", "body"], ["LIMIT", 1]]
  ↳ app/views/articles/show.html.erb:12
  Rendered /Users/rutvijkulkarni/.rbenv/versions/2.7.2/lib/ruby/gems/2.7.0/gems/actiontext-6.1.3.1/app/views/action_text/content/_layout.html.erb (Duration: 1.7ms | Allocations: 297)
  [1m[36mUser Load (0.2ms)[0m  [1m[34mSELECT "users".* FROM "users" WHERE "users"."id" = ? ORDER BY "users"."id" ASC LIMIT ?[0m  [["id", 2], ["LIMIT", 1]]
  ↳ app/views/articles/show.html.erb:14
  [1m[36mLike Load (0.3ms)[0m  [1m[34mSELECT "likes".* FROM "likes" WHERE "likes"."article_id" = ?[0m  [["article_id", 1]]
  ↳ app/views/articles/show.html.erb:26:in `map'
  [1m[36mCACHE User Load (0.0ms)[0m  [1m[34mSELECT "users".* FROM "users" WHERE "users"."id" = ? LIMIT ?[0m  [["id", 1], ["LIMIT", 1]]
  ↳ app/views/articles/show.html.erb:26:in `map'
  [1m[36mComment Load (0.2ms)[0m  [1m[34mSELECT "comments".* FROM "comments" WHERE "comments"."article_id" = ?[0m  [["article_id", 1]]
  ↳ app/views/articles/show.html.erb:39
  [1m[36mCACHE User Load (0.0ms)[0m  [1m[34mSELECT "users".* FROM "users" WHERE "users"."id" = ? LIMIT ?[0m  [["id", 1], ["LIMIT", 1]]
  ↳ app/views/articles/show.html.erb:41
  Rendered articles/show.html.erb within layouts/application (Duration: 46.9ms | Allocations: 9285)
[Webpacker] Everything's up-to-date. Nothing to do
  Rendered layouts/_navbar.html.erb (Duration: 0.4ms | Allocations: 185)
  Rendered shared/_message.html.erb (Duration: 0.1ms | Allocations: 49)
  Rendered layout layouts/application.html.erb (Duration: 61.3ms | Allocations: 14606)
Completed 200 OK in 67ms (Views: 60.1ms | ActiveRecord: 2.5ms | Allocations: 16174)


Started GET "/" for 127.0.0.1 at 2023-01-20 18:10:41 +0000
Processing by HomeController#index as HTML
  [1m[35m (0.2ms)[0m  [1m[34mSELECT COUNT(*) FROM "articles" WHERE (status = 0)[0m
  ↳ app/controllers/home_controller.rb:12:in `find_articles'
  Rendering layout layouts/application.html.erb
  Rendering home/index.html.erb within layouts/application
  [1m[36mArticle Load (0.5ms)[0m  [1m[34mSELECT "articles".* FROM "articles" WHERE (status = 0) ORDER BY "articles"."created_at" DESC LIMIT ? OFFSET ?[0m  [["LIMIT", 1], ["OFFSET", 0]]
  ↳ app/views/home/index.html.erb:1
  [1m[36mUser Load (0.6ms)[0m  [1m[34mSELECT "users".* FROM "users" WHERE "users"."id" = ? LIMIT ?[0m  [["id", 1], ["LIMIT", 1]]
  ↳ app/views/home/index.html.erb:9
  [1m[36mActionText::RichText Load (0.2ms)[0m  [1m[34mSELECT "action_text_rich_texts".* FROM "action_text_rich_texts" WHERE "action_text_rich_texts"."record_id" = ? AND "action_text_rich_texts"."record_type" = ? AND "action_text_rich_texts"."name" = ? LIMIT ?[0m  [["record_id", 1], ["record_type", "Article"], ["name", "body"], ["LIMIT", 1]]
  ↳ app/views/home/index.html.erb:11
  Rendered home/index.html.erb within layouts/application (Duration: 36.5ms | Allocations: 3132)
[Webpacker] Everything's up-to-date. Nothing to do
  [1m[36mUser Load (0.1ms)[0m  [1m[34mSELECT "users".* FROM "users" WHERE "users"."id" = ? ORDER BY "users"."id" ASC LIMIT ?[0m  [["id", 2], ["LIMIT", 1]]
  ↳ app/views/layouts/_navbar.html.erb:8
  Rendered layouts/_navbar.html.erb (Duration: 2.0ms | Allocations: 867)
  Rendered shared/_message.html.erb (Duration: 0.1ms | Allocations: 49)
  Rendered layout layouts/application.html.erb (Duration: 52.1ms | Allocations: 9150)
Completed 200 OK in 57ms (Views: 51.5ms | ActiveRecord: 1.5ms | Allocations: 10126)


Started GET "/first-article" for 127.0.0.1 at 2023-01-20 18:10:43 +0000
Processing by ArticlesController#show as HTML
  Parameters: {"id"=>"first-article"}
  [1m[36mArticle Load (0.3ms)[0m  [1m[34mSELECT "articles".* FROM "articles" WHERE "articles"."slug" = ? LIMIT ?[0m  [["slug", "first-article"], ["LIMIT", 1]]
  ↳ app/controllers/articles_controller.rb:67:in `set_article'
  [1m[36mUser Load (0.2ms)[0m  [1m[34mSELECT "users".* FROM "users" WHERE "users"."id" = ? LIMIT ?[0m  [["id", 1], ["LIMIT", 1]]
  ↳ app/controllers/articles_controller.rb:12:in `show'
  Rendering layout layouts/application.html.erb
  Rendering articles/show.html.erb within layouts/application
  [1m[36mActionText::RichText Load (0.2ms)[0m  [1m[34mSELECT "action_text_rich_texts".* FROM "action_text_rich_texts" WHERE "action_text_rich_texts"."record_id" = ? AND "action_text_rich_texts"."record_type" = ? AND "action_text_rich_texts"."name" = ? LIMIT ?[0m  [["record_id", 1], ["record_type", "Article"], ["name", "body"], ["LIMIT", 1]]
  ↳ app/views/articles/show.html.erb:12
  Rendered /Users/rutvijkulkarni/.rbenv/versions/2.7.2/lib/ruby/gems/2.7.0/gems/actiontext-6.1.3.1/app/views/action_text/content/_layout.html.erb (Duration: 1.1ms | Allocations: 290)
  [1m[36mUser Load (0.2ms)[0m  [1m[34mSELECT "users".* FROM "users" WHERE "users"."id" = ? ORDER BY "users"."id" ASC LIMIT ?[0m  [["id", 2], ["LIMIT", 1]]
  ↳ app/views/articles/show.html.erb:14
  [1m[36mLike Load (0.2ms)[0m  [1m[34mSELECT "likes".* FROM "likes" WHERE "likes"."article_id" = ?[0m  [["article_id", 1]]
  ↳ app/views/articles/show.html.erb:26:in `map'
  [1m[36mCACHE User Load (0.0ms)[0m  [1m[34mSELECT "users".* FROM "users" WHERE "users"."id" = ? LIMIT ?[0m  [["id", 1], ["LIMIT", 1]]
  ↳ app/views/articles/show.html.erb:26:in `map'
  [1m[36mComment Load (0.9ms)[0m  [1m[34mSELECT "comments".* FROM "comments" WHERE "comments"."article_id" = ?[0m  [["article_id", 1]]
  ↳ app/views/articles/show.html.erb:39
  [1m[36mCACHE User Load (0.0ms)[0m  [1m[34mSELECT "users".* FROM "users" WHERE "users"."id" = ? LIMIT ?[0m  [["id", 1], ["LIMIT", 1]]
  ↳ app/views/articles/show.html.erb:41
  Rendered articles/show.html.erb within layouts/application (Duration: 97.1ms | Allocations: 5403)
[Webpacker] Everything's up-to-date. Nothing to do
  Rendered layouts/_navbar.html.erb (Duration: 0.4ms | Allocations: 181)
  Rendered shared/_message.html.erb (Duration: 0.1ms | Allocations: 49)
  Rendered layout layouts/application.html.erb (Duration: 131.4ms | Allocations: 10811)
Completed 200 OK in 138ms (Views: 130.6ms | ActiveRecord: 2.0ms | Allocations: 12378)


Started GET "/" for 127.0.0.1 at 2023-01-20 18:10:47 +0000
Processing by HomeController#index as HTML
  [1m[35m (0.2ms)[0m  [1m[34mSELECT COUNT(*) FROM "articles" WHERE (status = 0)[0m
  ↳ app/controllers/home_controller.rb:12:in `find_articles'
  Rendering layout layouts/application.html.erb
  Rendering home/index.html.erb within layouts/application
  [1m[36mArticle Load (0.6ms)[0m  [1m[34mSELECT "articles".* FROM "articles" WHERE (status = 0) ORDER BY "articles"."created_at" DESC LIMIT ? OFFSET ?[0m  [["LIMIT", 1], ["OFFSET", 0]]
  ↳ app/views/home/index.html.erb:1
  [1m[36mUser Load (0.1ms)[0m  [1m[34mSELECT "users".* FROM "users" WHERE "users"."id" = ? LIMIT ?[0m  [["id", 1], ["LIMIT", 1]]
  ↳ app/views/home/index.html.erb:9
  [1m[36mActionText::RichText Load (0.1ms)[0m  [1m[34mSELECT "action_text_rich_texts".* FROM "action_text_rich_texts" WHERE "action_text_rich_texts"."record_id" = ? AND "action_text_rich_texts"."record_type" = ? AND "action_text_rich_texts"."name" = ? LIMIT ?[0m  [["record_id", 1], ["record_type", "Article"], ["name", "body"], ["LIMIT", 1]]
  ↳ app/views/home/index.html.erb:11
  Rendered home/index.html.erb within layouts/application (Duration: 93.4ms | Allocations: 3114)
[Webpacker] Everything's up-to-date. Nothing to do
  [1m[36mUser Load (0.2ms)[0m  [1m[34mSELECT "users".* FROM "users" WHERE "users"."id" = ? ORDER BY "users"."id" ASC LIMIT ?[0m  [["id", 2], ["LIMIT", 1]]
  ↳ app/views/layouts/_navbar.html.erb:8
  Rendered layouts/_navbar.html.erb (Duration: 3.4ms | Allocations: 867)
  Rendered shared/_message.html.erb (Duration: 0.1ms | Allocations: 49)
  Rendered layout layouts/application.html.erb (Duration: 120.1ms | Allocations: 9212)
Completed 200 OK in 124ms (Views: 119.5ms | ActiveRecord: 1.4ms | Allocations: 10170)


Started GET "/articles" for 127.0.0.1 at 2023-01-20 18:10:49 +0000
Processing by ArticlesController#index as HTML
  [1m[36mUser Load (0.2ms)[0m  [1m[34mSELECT "users".* FROM "users" WHERE "users"."id" = ? ORDER BY "users"."id" ASC LIMIT ?[0m  [["id", 2], ["LIMIT", 1]]
  ↳ app/controllers/articles_controller.rb:7:in `index'
  [1m[35m (0.2ms)[0m  [1m[34mSELECT COUNT(*) FROM "articles" WHERE "articles"."user_id" = ?[0m  [["user_id", 2]]
  ↳ app/controllers/articles_controller.rb:7:in `index'
  Rendering layout layouts/application.html.erb
  Rendering articles/index.html.erb within layouts/application
  [1m[36mArticle Load (0.3ms)[0m  [1m[34mSELECT "articles".* FROM "articles" WHERE "articles"."user_id" = ? LIMIT ? OFFSET ?[0m  [["user_id", 2], ["LIMIT", 10], ["OFFSET", 0]]
  ↳ app/views/articles/index.html.erb:7
  Rendered articles/index.html.erb within layouts/application (Duration: 7.4ms | Allocations: 1190)
[Webpacker] Everything's up-to-date. Nothing to do
  Rendered layouts/_navbar.html.erb (Duration: 0.4ms | Allocations: 187)
  Rendered shared/_message.html.erb (Duration: 0.2ms | Allocations: 39)
  Rendered layout layouts/application.html.erb (Duration: 31.8ms | Allocations: 6640)
Completed 200 OK in 40ms (Views: 33.7ms | ActiveRecord: 0.7ms | Allocations: 9294)


Started GET "/" for 127.0.0.1 at 2023-01-20 18:10:52 +0000
Processing by HomeController#index as HTML
  [1m[35m (0.2ms)[0m  [1m[34mSELECT COUNT(*) FROM "articles" WHERE (status = 0)[0m
  ↳ app/controllers/home_controller.rb:12:in `find_articles'
  Rendering layout layouts/application.html.erb
  Rendering home/index.html.erb within layouts/application
  [1m[36mArticle Load (0.6ms)[0m  [1m[34mSELECT "articles".* FROM "articles" WHERE (status = 0) ORDER BY "articles"."created_at" DESC LIMIT ? OFFSET ?[0m  [["LIMIT", 1], ["OFFSET", 0]]
  ↳ app/views/home/index.html.erb:1
  [1m[36mUser Load (0.2ms)[0m  [1m[34mSELECT "users".* FROM "users" WHERE "users"."id" = ? LIMIT ?[0m  [["id", 1], ["LIMIT", 1]]
  ↳ app/views/home/index.html.erb:9
  [1m[36mActionText::RichText Load (0.1ms)[0m  [1m[34mSELECT "action_text_rich_texts".* FROM "action_text_rich_texts" WHERE "action_text_rich_texts"."record_id" = ? AND "action_text_rich_texts"."record_type" = ? AND "action_text_rich_texts"."name" = ? LIMIT ?[0m  [["record_id", 1], ["record_type", "Article"], ["name", "body"], ["LIMIT", 1]]
  ↳ app/views/home/index.html.erb:11
  Rendered home/index.html.erb within layouts/application (Duration: 91.8ms | Allocations: 3136)
[Webpacker] Everything's up-to-date. Nothing to do
  [1m[36mUser Load (0.1ms)[0m  [1m[34mSELECT "users".* FROM "users" WHERE "users"."id" = ? ORDER BY "users"."id" ASC LIMIT ?[0m  [["id", 2], ["LIMIT", 1]]
  ↳ app/views/layouts/_navbar.html.erb:8
  Rendered layouts/_navbar.html.erb (Duration: 2.4ms | Allocations: 873)
  Rendered shared/_message.html.erb (Duration: 0.1ms | Allocations: 49)
  Rendered layout layouts/application.html.erb (Duration: 110.9ms | Allocations: 9160)
Completed 200 OK in 115ms (Views: 111.5ms | ActiveRecord: 1.2ms | Allocations: 10119)


Started GET "/first-article" for 127.0.0.1 at 2023-01-20 18:10:55 +0000
Processing by ArticlesController#show as HTML
  Parameters: {"id"=>"first-article"}
  [1m[36mArticle Load (0.3ms)[0m  [1m[34mSELECT "articles".* FROM "articles" WHERE "articles"."slug" = ? LIMIT ?[0m  [["slug", "first-article"], ["LIMIT", 1]]
  ↳ app/controllers/articles_controller.rb:67:in `set_article'
  [1m[36mUser Load (0.2ms)[0m  [1m[34mSELECT "users".* FROM "users" WHERE "users"."id" = ? LIMIT ?[0m  [["id", 1], ["LIMIT", 1]]
  ↳ app/controllers/articles_controller.rb:12:in `show'
  Rendering layout layouts/application.html.erb
  Rendering articles/show.html.erb within layouts/application
  [1m[36mActionText::RichText Load (0.2ms)[0m  [1m[34mSELECT "action_text_rich_texts".* FROM "action_text_rich_texts" WHERE "action_text_rich_texts"."record_id" = ? AND "action_text_rich_texts"."record_type" = ? AND "action_text_rich_texts"."name" = ? LIMIT ?[0m  [["record_id", 1], ["record_type", "Article"], ["name", "body"], ["LIMIT", 1]]
  ↳ app/views/articles/show.html.erb:12
  Rendered /Users/rutvijkulkarni/.rbenv/versions/2.7.2/lib/ruby/gems/2.7.0/gems/actiontext-6.1.3.1/app/views/action_text/content/_layout.html.erb (Duration: 1.2ms | Allocations: 295)
  [1m[36mUser Load (0.5ms)[0m  [1m[34mSELECT "users".* FROM "users" WHERE "users"."id" = ? ORDER BY "users"."id" ASC LIMIT ?[0m  [["id", 2], ["LIMIT", 1]]
  ↳ app/views/articles/show.html.erb:14
  [1m[36mLike Load (0.3ms)[0m  [1m[34mSELECT "likes".* FROM "likes" WHERE "likes"."article_id" = ?[0m  [["article_id", 1]]
  ↳ app/views/articles/show.html.erb:26:in `map'
  [1m[36mCACHE User Load (0.0ms)[0m  [1m[34mSELECT "users".* FROM "users" WHERE "users"."id" = ? LIMIT ?[0m  [["id", 1], ["LIMIT", 1]]
  ↳ app/views/articles/show.html.erb:26:in `map'
  [1m[36mComment Load (0.1ms)[0m  [1m[34mSELECT "comments".* FROM "comments" WHERE "comments"."article_id" = ?[0m  [["article_id", 1]]
  ↳ app/views/articles/show.html.erb:39
  [1m[36mCACHE User Load (0.0ms)[0m  [1m[34mSELECT "users".* FROM "users" WHERE "users"."id" = ? LIMIT ?[0m  [["id", 1], ["LIMIT", 1]]
  ↳ app/views/articles/show.html.erb:41
  Rendered articles/show.html.erb within layouts/application (Duration: 112.8ms | Allocations: 5426)
[Webpacker] Everything's up-to-date. Nothing to do
  Rendered layouts/_navbar.html.erb (Duration: 0.4ms | Allocations: 181)
  Rendered shared/_message.html.erb (Duration: 0.1ms | Allocations: 49)
  Rendered layout layouts/application.html.erb (Duration: 129.8ms | Allocations: 10833)
Completed 200 OK in 140ms (Views: 129.3ms | ActiveRecord: 1.7ms | Allocations: 12400)


Started GET "/" for 127.0.0.1 at 2023-01-20 18:10:57 +0000
Processing by HomeController#index as HTML
  [1m[35m (0.2ms)[0m  [1m[34mSELECT COUNT(*) FROM "articles" WHERE (status = 0)[0m
  ↳ app/controllers/home_controller.rb:12:in `find_articles'
  Rendering layout layouts/application.html.erb
  Rendering home/index.html.erb within layouts/application
  [1m[36mArticle Load (0.5ms)[0m  [1m[34mSELECT "articles".* FROM "articles" WHERE (status = 0) ORDER BY "articles"."created_at" DESC LIMIT ? OFFSET ?[0m  [["LIMIT", 1], ["OFFSET", 0]]
  ↳ app/views/home/index.html.erb:1
  [1m[36mUser Load (0.2ms)[0m  [1m[34mSELECT "users".* FROM "users" WHERE "users"."id" = ? LIMIT ?[0m  [["id", 1], ["LIMIT", 1]]
  ↳ app/views/home/index.html.erb:9
  [1m[36mActionText::RichText Load (0.2ms)[0m  [1m[34mSELECT "action_text_rich_texts".* FROM "action_text_rich_texts" WHERE "action_text_rich_texts"."record_id" = ? AND "action_text_rich_texts"."record_type" = ? AND "action_text_rich_texts"."name" = ? LIMIT ?[0m  [["record_id", 1], ["record_type", "Article"], ["name", "body"], ["LIMIT", 1]]
  ↳ app/views/home/index.html.erb:11
  Rendered home/index.html.erb within layouts/application (Duration: 133.2ms | Allocations: 3116)
[Webpacker] Everything's up-to-date. Nothing to do
  [1m[36mUser Load (0.2ms)[0m  [1m[34mSELECT "users".* FROM "users" WHERE "users"."id" = ? ORDER BY "users"."id" ASC LIMIT ?[0m  [["id", 2], ["LIMIT", 1]]
  ↳ app/views/layouts/_navbar.html.erb:8
  Rendered layouts/_navbar.html.erb (Duration: 3.3ms | Allocations: 867)
  Rendered shared/_message.html.erb (Duration: 0.1ms | Allocations: 49)
  Rendered layout layouts/application.html.erb (Duration: 147.1ms | Allocations: 9213)
Completed 200 OK in 151ms (Views: 146.8ms | ActiveRecord: 1.3ms | Allocations: 10170)


Started GET "/first-article" for 127.0.0.1 at 2023-01-20 18:11:12 +0000
Processing by ArticlesController#show as HTML
  Parameters: {"id"=>"first-article"}
  [1m[36mArticle Load (0.3ms)[0m  [1m[34mSELECT "articles".* FROM "articles" WHERE "articles"."slug" = ? LIMIT ?[0m  [["slug", "first-article"], ["LIMIT", 1]]
  ↳ app/controllers/articles_controller.rb:67:in `set_article'
  [1m[36mUser Load (0.2ms)[0m  [1m[34mSELECT "users".* FROM "users" WHERE "users"."id" = ? LIMIT ?[0m  [["id", 1], ["LIMIT", 1]]
  ↳ app/controllers/articles_controller.rb:12:in `show'
  Rendering layout layouts/application.html.erb
  Rendering articles/show.html.erb within layouts/application
  [1m[36mActionText::RichText Load (0.2ms)[0m  [1m[34mSELECT "action_text_rich_texts".* FROM "action_text_rich_texts" WHERE "action_text_rich_texts"."record_id" = ? AND "action_text_rich_texts"."record_type" = ? AND "action_text_rich_texts"."name" = ? LIMIT ?[0m  [["record_id", 1], ["record_type", "Article"], ["name", "body"], ["LIMIT", 1]]
  ↳ app/views/articles/show.html.erb:12
  Rendered /Users/rutvijkulkarni/.rbenv/versions/2.7.2/lib/ruby/gems/2.7.0/gems/actiontext-6.1.3.1/app/views/action_text/content/_layout.html.erb (Duration: 1.4ms | Allocations: 288)
  [1m[36mUser Load (0.3ms)[0m  [1m[34mSELECT "users".* FROM "users" WHERE "users"."id" = ? ORDER BY "users"."id" ASC LIMIT ?[0m  [["id", 2], ["LIMIT", 1]]
  ↳ app/views/articles/show.html.erb:14
  [1m[36mLike Load (0.2ms)[0m  [1m[34mSELECT "likes".* FROM "likes" WHERE "likes"."article_id" = ?[0m  [["article_id", 1]]
  ↳ app/views/articles/show.html.erb:26:in `map'
  [1m[36mCACHE User Load (0.0ms)[0m  [1m[34mSELECT "users".* FROM "users" WHERE "users"."id" = ? LIMIT ?[0m  [["id", 1], ["LIMIT", 1]]
  ↳ app/views/articles/show.html.erb:26:in `map'
  [1m[36mComment Load (0.2ms)[0m  [1m[34mSELECT "comments".* FROM "comments" WHERE "comments"."article_id" = ?[0m  [["article_id", 1]]
  ↳ app/views/articles/show.html.erb:39
  [1m[36mCACHE User Load (0.0ms)[0m  [1m[34mSELECT "users".* FROM "users" WHERE "users"."id" = ? LIMIT ?[0m  [["id", 1], ["LIMIT", 1]]
  ↳ app/views/articles/show.html.erb:41
  Rendered articles/show.html.erb within layouts/application (Duration: 40.8ms | Allocations: 5405)
[Webpacker] Everything's up-to-date. Nothing to do
  Rendered layouts/_navbar.html.erb (Duration: 0.5ms | Allocations: 181)
  Rendered shared/_message.html.erb (Duration: 0.1ms | Allocations: 49)
  Rendered layout layouts/application.html.erb (Duration: 53.7ms | Allocations: 10810)
Completed 200 OK in 63ms (Views: 55.3ms | ActiveRecord: 1.4ms | Allocations: 12376)


Started POST "/likes" for 127.0.0.1 at 2023-01-20 18:11:13 +0000
Processing by LikesController#create as HTML
  Parameters: {"authenticity_token"=>"[FILTERED]", "like"=>{"article_id"=>"1"}}
  [1m[36mUser Load (0.1ms)[0m  [1m[34mSELECT "users".* FROM "users" WHERE "users"."id" = ? ORDER BY "users"."id" ASC LIMIT ?[0m  [["id", 2], ["LIMIT", 1]]
  [1m[36mTRANSACTION (0.1ms)[0m  [1m[36mbegin transaction[0m
  ↳ app/controllers/likes_controller.rb:28:in `block in create'
  [1m[36mArticle Load (0.4ms)[0m  [1m[34mSELECT "articles".* FROM "articles" WHERE "articles"."id" = ? LIMIT ?[0m  [["id", 1], ["LIMIT", 1]]
  ↳ app/controllers/likes_controller.rb:28:in `block in create'
  [1m[36mLike Create (1.2ms)[0m  [1m[32mINSERT INTO "likes" ("article_id", "user_id", "created_at", "updated_at") VALUES (?, ?, ?, ?)[0m  [["article_id", 1], ["user_id", 2], ["created_at", "2023-01-20 18:11:13.765104"], ["updated_at", "2023-01-20 18:11:13.765104"]]
  ↳ app/controllers/likes_controller.rb:28:in `block in create'
  [1m[36mTRANSACTION (3.3ms)[0m  [1m[36mcommit transaction[0m
  ↳ app/controllers/likes_controller.rb:28:in `block in create'
Redirected to http://127.0.0.1:3000/articles/first-article
Completed 302 Found in 34ms (ActiveRecord: 5.1ms | Allocations: 4239)


Started GET "/articles/first-article" for 127.0.0.1 at 2023-01-20 18:11:13 +0000
Processing by ArticlesController#show as HTML
  Parameters: {"id"=>"first-article"}
  [1m[36mArticle Load (0.3ms)[0m  [1m[34mSELECT "articles".* FROM "articles" WHERE "articles"."slug" = ? LIMIT ?[0m  [["slug", "first-article"], ["LIMIT", 1]]
  ↳ app/controllers/articles_controller.rb:67:in `set_article'
  [1m[36mUser Load (0.2ms)[0m  [1m[34mSELECT "users".* FROM "users" WHERE "users"."id" = ? LIMIT ?[0m  [["id", 1], ["LIMIT", 1]]
  ↳ app/controllers/articles_controller.rb:12:in `show'
  Rendering layout layouts/application.html.erb
  Rendering articles/show.html.erb within layouts/application
  [1m[36mActionText::RichText Load (0.2ms)[0m  [1m[34mSELECT "action_text_rich_texts".* FROM "action_text_rich_texts" WHERE "action_text_rich_texts"."record_id" = ? AND "action_text_rich_texts"."record_type" = ? AND "action_text_rich_texts"."name" = ? LIMIT ?[0m  [["record_id", 1], ["record_type", "Article"], ["name", "body"], ["LIMIT", 1]]
  ↳ app/views/articles/show.html.erb:12
  Rendered /Users/rutvijkulkarni/.rbenv/versions/2.7.2/lib/ruby/gems/2.7.0/gems/actiontext-6.1.3.1/app/views/action_text/content/_layout.html.erb (Duration: 1.7ms | Allocations: 290)
  [1m[36mUser Load (0.4ms)[0m  [1m[34mSELECT "users".* FROM "users" WHERE "users"."id" = ? ORDER BY "users"."id" ASC LIMIT ?[0m  [["id", 2], ["LIMIT", 1]]
  ↳ app/views/articles/show.html.erb:14
  [1m[36mLike Load (0.3ms)[0m  [1m[34mSELECT "likes".* FROM "likes" WHERE "likes"."article_id" = ?[0m  [["article_id", 1]]
  ↳ app/views/articles/show.html.erb:26:in `map'
  [1m[36mCACHE User Load (0.0ms)[0m  [1m[34mSELECT "users".* FROM "users" WHERE "users"."id" = ? LIMIT ?[0m  [["id", 1], ["LIMIT", 1]]
  ↳ app/views/articles/show.html.erb:26:in `map'
  [1m[36mUser Load (0.2ms)[0m  [1m[34mSELECT "users".* FROM "users" WHERE "users"."id" = ? LIMIT ?[0m  [["id", 2], ["LIMIT", 1]]
  ↳ app/views/articles/show.html.erb:26:in `map'
  [1m[36mLike Load (0.3ms)[0m  [1m[34mSELECT "likes".* FROM "likes" WHERE "likes"."article_id" = ? AND "likes"."article_id" = ? LIMIT ?[0m  [["article_id", 1], ["article_id", 1], ["LIMIT", 1]]
  ↳ app/views/articles/show.html.erb:27
  [1m[36mComment Load (0.3ms)[0m  [1m[34mSELECT "comments".* FROM "comments" WHERE "comments"."article_id" = ?[0m  [["article_id", 1]]
  ↳ app/views/articles/show.html.erb:39
  [1m[36mCACHE User Load (0.0ms)[0m  [1m[34mSELECT "users".* FROM "users" WHERE "users"."id" = ? LIMIT ?[0m  [["id", 1], ["LIMIT", 1]]
  ↳ app/views/articles/show.html.erb:41
  Rendered articles/show.html.erb within layouts/application (Duration: 58.1ms | Allocations: 5954)
[Webpacker] Everything's up-to-date. Nothing to do
  Rendered layouts/_navbar.html.erb (Duration: 1.0ms | Allocations: 181)
  Rendered shared/_message.html.erb (Duration: 0.3ms | Allocations: 58)
  Rendered layout layouts/application.html.erb (Duration: 77.5ms | Allocations: 11378)
Completed 200 OK in 85ms (Views: 76.5ms | ActiveRecord: 2.2ms | Allocations: 12951)


Started POST "/comments" for 127.0.0.1 at 2023-01-20 18:11:22 +0000
Processing by CommentsController#create as HTML
  Parameters: {"authenticity_token"=>"[FILTERED]", "comment"=>{"body"=>"Hi this is a test comment", "article_id"=>"1"}}
  [1m[36mUser Load (0.2ms)[0m  [1m[34mSELECT "users".* FROM "users" WHERE "users"."id" = ? ORDER BY "users"."id" ASC LIMIT ?[0m  [["id", 2], ["LIMIT", 1]]
  [1m[36mTRANSACTION (0.1ms)[0m  [1m[36mbegin transaction[0m
  ↳ app/controllers/comments_controller.rb:28:in `block in create'
  [1m[36mUser Load (0.2ms)[0m  [1m[34mSELECT "users".* FROM "users" WHERE "users"."id" = ? LIMIT ?[0m  [["id", 2], ["LIMIT", 1]]
  ↳ app/controllers/comments_controller.rb:28:in `block in create'
  [1m[36mArticle Load (0.1ms)[0m  [1m[34mSELECT "articles".* FROM "articles" WHERE "articles"."id" = ? LIMIT ?[0m  [["id", 1], ["LIMIT", 1]]
  ↳ app/controllers/comments_controller.rb:28:in `block in create'
  [1m[36mComment Create (0.8ms)[0m  [1m[32mINSERT INTO "comments" ("body", "user_id", "article_id", "created_at", "updated_at") VALUES (?, ?, ?, ?, ?)[0m  [["body", "Hi this is a test comment"], ["user_id", 2], ["article_id", 1], ["created_at", "2023-01-20 18:11:22.951393"], ["updated_at", "2023-01-20 18:11:22.951393"]]
  ↳ app/controllers/comments_controller.rb:28:in `block in create'
  [1m[36mTRANSACTION (3.7ms)[0m  [1m[36mcommit transaction[0m
  ↳ app/controllers/comments_controller.rb:28:in `block in create'
Redirected to http://127.0.0.1:3000/articles/first-article
Completed 302 Found in 56ms (ActiveRecord: 5.1ms | Allocations: 4855)


Started GET "/articles/first-article" for 127.0.0.1 at 2023-01-20 18:11:23 +0000
Processing by ArticlesController#show as HTML
  Parameters: {"id"=>"first-article"}
  [1m[36mArticle Load (0.2ms)[0m  [1m[34mSELECT "articles".* FROM "articles" WHERE "articles"."slug" = ? LIMIT ?[0m  [["slug", "first-article"], ["LIMIT", 1]]
  ↳ app/controllers/articles_controller.rb:67:in `set_article'
  [1m[36mUser Load (0.2ms)[0m  [1m[34mSELECT "users".* FROM "users" WHERE "users"."id" = ? LIMIT ?[0m  [["id", 1], ["LIMIT", 1]]
  ↳ app/controllers/articles_controller.rb:12:in `show'
  Rendering layout layouts/application.html.erb
  Rendering articles/show.html.erb within layouts/application
  [1m[36mActionText::RichText Load (0.2ms)[0m  [1m[34mSELECT "action_text_rich_texts".* FROM "action_text_rich_texts" WHERE "action_text_rich_texts"."record_id" = ? AND "action_text_rich_texts"."record_type" = ? AND "action_text_rich_texts"."name" = ? LIMIT ?[0m  [["record_id", 1], ["record_type", "Article"], ["name", "body"], ["LIMIT", 1]]
  ↳ app/views/articles/show.html.erb:12
  Rendered /Users/rutvijkulkarni/.rbenv/versions/2.7.2/lib/ruby/gems/2.7.0/gems/actiontext-6.1.3.1/app/views/action_text/content/_layout.html.erb (Duration: 0.9ms | Allocations: 290)
  [1m[36mUser Load (0.2ms)[0m  [1m[34mSELECT "users".* FROM "users" WHERE "users"."id" = ? ORDER BY "users"."id" ASC LIMIT ?[0m  [["id", 2], ["LIMIT", 1]]
  ↳ app/views/articles/show.html.erb:14
  [1m[36mLike Load (0.2ms)[0m  [1m[34mSELECT "likes".* FROM "likes" WHERE "likes"."article_id" = ?[0m  [["article_id", 1]]
  ↳ app/views/articles/show.html.erb:26:in `map'
  [1m[36mCACHE User Load (0.0ms)[0m  [1m[34mSELECT "users".* FROM "users" WHERE "users"."id" = ? LIMIT ?[0m  [["id", 1], ["LIMIT", 1]]
  ↳ app/views/articles/show.html.erb:26:in `map'
  [1m[36mUser Load (0.1ms)[0m  [1m[34mSELECT "users".* FROM "users" WHERE "users"."id" = ? LIMIT ?[0m  [["id", 2], ["LIMIT", 1]]
  ↳ app/views/articles/show.html.erb:26:in `map'
  [1m[36mLike Load (0.5ms)[0m  [1m[34mSELECT "likes".* FROM "likes" WHERE "likes"."article_id" = ? AND "likes"."article_id" = ? LIMIT ?[0m  [["article_id", 1], ["article_id", 1], ["LIMIT", 1]]
  ↳ app/views/articles/show.html.erb:27
  [1m[36mComment Load (0.2ms)[0m  [1m[34mSELECT "comments".* FROM "comments" WHERE "comments"."article_id" = ?[0m  [["article_id", 1]]
  ↳ app/views/articles/show.html.erb:39
  [1m[36mCACHE User Load (0.0ms)[0m  [1m[34mSELECT "users".* FROM "users" WHERE "users"."id" = ? LIMIT ?[0m  [["id", 1], ["LIMIT", 1]]
  ↳ app/views/articles/show.html.erb:41
  [1m[36mCACHE User Load (0.0ms)[0m  [1m[34mSELECT "users".* FROM "users" WHERE "users"."id" = ? LIMIT ?[0m  [["id", 2], ["LIMIT", 1]]
  ↳ app/views/articles/show.html.erb:41
  Rendered articles/show.html.erb within layouts/application (Duration: 117.3ms | Allocations: 6512)
[Webpacker] Everything's up-to-date. Nothing to do
  Rendered layouts/_navbar.html.erb (Duration: 0.6ms | Allocations: 181)
  Rendered shared/_message.html.erb (Duration: 0.1ms | Allocations: 58)
  Rendered layout layouts/application.html.erb (Duration: 132.4ms | Allocations: 11932)
Completed 200 OK in 138ms (Views: 131.6ms | ActiveRecord: 2.0ms | Allocations: 13502)


Started GET "/" for 127.0.0.1 at 2023-01-20 18:11:24 +0000
Processing by HomeController#index as HTML
  [1m[35m (0.2ms)[0m  [1m[34mSELECT COUNT(*) FROM "articles" WHERE (status = 0)[0m
  ↳ app/controllers/home_controller.rb:12:in `find_articles'
  Rendering layout layouts/application.html.erb
  Rendering home/index.html.erb within layouts/application
  [1m[36mArticle Load (0.3ms)[0m  [1m[34mSELECT "articles".* FROM "articles" WHERE (status = 0) ORDER BY "articles"."created_at" DESC LIMIT ? OFFSET ?[0m  [["LIMIT", 1], ["OFFSET", 0]]
  ↳ app/views/home/index.html.erb:1
  [1m[36mUser Load (0.2ms)[0m  [1m[34mSELECT "users".* FROM "users" WHERE "users"."id" = ? LIMIT ?[0m  [["id", 1], ["LIMIT", 1]]
  ↳ app/views/home/index.html.erb:9
  [1m[36mActionText::RichText Load (0.2ms)[0m  [1m[34mSELECT "action_text_rich_texts".* FROM "action_text_rich_texts" WHERE "action_text_rich_texts"."record_id" = ? AND "action_text_rich_texts"."record_type" = ? AND "action_text_rich_texts"."name" = ? LIMIT ?[0m  [["record_id", 1], ["record_type", "Article"], ["name", "body"], ["LIMIT", 1]]
  ↳ app/views/home/index.html.erb:11
  Rendered home/index.html.erb within layouts/application (Duration: 23.3ms | Allocations: 3117)
[Webpacker] Everything's up-to-date. Nothing to do
  [1m[36mUser Load (0.2ms)[0m  [1m[34mSELECT "users".* FROM "users" WHERE "users"."id" = ? ORDER BY "users"."id" ASC LIMIT ?[0m  [["id", 2], ["LIMIT", 1]]
  ↳ app/views/layouts/_navbar.html.erb:8
  Rendered layouts/_navbar.html.erb (Duration: 2.8ms | Allocations: 867)
  Rendered shared/_message.html.erb (Duration: 0.1ms | Allocations: 49)
  Rendered layout layouts/application.html.erb (Duration: 41.5ms | Allocations: 9142)
Completed 200 OK in 46ms (Views: 41.1ms | ActiveRecord: 1.1ms | Allocations: 10100)


Started GET "/first-article" for 127.0.0.1 at 2023-01-20 18:11:26 +0000
Processing by ArticlesController#show as HTML
  Parameters: {"id"=>"first-article"}
  [1m[36mArticle Load (0.3ms)[0m  [1m[34mSELECT "articles".* FROM "articles" WHERE "articles"."slug" = ? LIMIT ?[0m  [["slug", "first-article"], ["LIMIT", 1]]
  ↳ app/controllers/articles_controller.rb:67:in `set_article'
  [1m[36mUser Load (0.3ms)[0m  [1m[34mSELECT "users".* FROM "users" WHERE "users"."id" = ? LIMIT ?[0m  [["id", 1], ["LIMIT", 1]]
  ↳ app/controllers/articles_controller.rb:12:in `show'
  Rendering layout layouts/application.html.erb
  Rendering articles/show.html.erb within layouts/application
  [1m[36mActionText::RichText Load (0.3ms)[0m  [1m[34mSELECT "action_text_rich_texts".* FROM "action_text_rich_texts" WHERE "action_text_rich_texts"."record_id" = ? AND "action_text_rich_texts"."record_type" = ? AND "action_text_rich_texts"."name" = ? LIMIT ?[0m  [["record_id", 1], ["record_type", "Article"], ["name", "body"], ["LIMIT", 1]]
  ↳ app/views/articles/show.html.erb:12
  Rendered /Users/rutvijkulkarni/.rbenv/versions/2.7.2/lib/ruby/gems/2.7.0/gems/actiontext-6.1.3.1/app/views/action_text/content/_layout.html.erb (Duration: 3.0ms | Allocations: 288)
  [1m[36mUser Load (0.4ms)[0m  [1m[34mSELECT "users".* FROM "users" WHERE "users"."id" = ? ORDER BY "users"."id" ASC LIMIT ?[0m  [["id", 2], ["LIMIT", 1]]
  ↳ app/views/articles/show.html.erb:14
  [1m[36mLike Load (0.2ms)[0m  [1m[34mSELECT "likes".* FROM "likes" WHERE "likes"."article_id" = ?[0m  [["article_id", 1]]
  ↳ app/views/articles/show.html.erb:26:in `map'
  [1m[36mCACHE User Load (0.0ms)[0m  [1m[34mSELECT "users".* FROM "users" WHERE "users"."id" = ? LIMIT ?[0m  [["id", 1], ["LIMIT", 1]]
  ↳ app/views/articles/show.html.erb:26:in `map'
  [1m[36mUser Load (0.2ms)[0m  [1m[34mSELECT "users".* FROM "users" WHERE "users"."id" = ? LIMIT ?[0m  [["id", 2], ["LIMIT", 1]]
  ↳ app/views/articles/show.html.erb:26:in `map'
  [1m[36mLike Load (0.2ms)[0m  [1m[34mSELECT "likes".* FROM "likes" WHERE "likes"."article_id" = ? AND "likes"."article_id" = ? LIMIT ?[0m  [["article_id", 1], ["article_id", 1], ["LIMIT", 1]]
  ↳ app/views/articles/show.html.erb:27
  [1m[36mComment Load (0.3ms)[0m  [1m[34mSELECT "comments".* FROM "comments" WHERE "comments"."article_id" = ?[0m  [["article_id", 1]]
  ↳ app/views/articles/show.html.erb:39
  [1m[36mCACHE User Load (0.0ms)[0m  [1m[34mSELECT "users".* FROM "users" WHERE "users"."id" = ? LIMIT ?[0m  [["id", 1], ["LIMIT", 1]]
  ↳ app/views/articles/show.html.erb:41
  [1m[36mCACHE User Load (0.0ms)[0m  [1m[34mSELECT "users".* FROM "users" WHERE "users"."id" = ? LIMIT ?[0m  [["id", 2], ["LIMIT", 1]]
  ↳ app/views/articles/show.html.erb:41
  Rendered articles/show.html.erb within layouts/application (Duration: 73.0ms | Allocations: 6604)
[Webpacker] Everything's up-to-date. Nothing to do
  Rendered layouts/_navbar.html.erb (Duration: 0.8ms | Allocations: 181)
  Rendered shared/_message.html.erb (Duration: 0.2ms | Allocations: 49)
  Rendered layout layouts/application.html.erb (Duration: 93.2ms | Allocations: 12009)
Completed 200 OK in 104ms (Views: 92.2ms | ActiveRecord: 2.3ms | Allocations: 13596)


Started GET "/" for 127.0.0.1 at 2023-01-20 18:11:28 +0000
Processing by HomeController#index as HTML
  [1m[35m (0.3ms)[0m  [1m[34mSELECT COUNT(*) FROM "articles" WHERE (status = 0)[0m
  ↳ app/controllers/home_controller.rb:12:in `find_articles'
  Rendering layout layouts/application.html.erb
  Rendering home/index.html.erb within layouts/application
  [1m[36mArticle Load (0.4ms)[0m  [1m[34mSELECT "articles".* FROM "articles" WHERE (status = 0) ORDER BY "articles"."created_at" DESC LIMIT ? OFFSET ?[0m  [["LIMIT", 1], ["OFFSET", 0]]
  ↳ app/views/home/index.html.erb:1
  [1m[36mUser Load (0.2ms)[0m  [1m[34mSELECT "users".* FROM "users" WHERE "users"."id" = ? LIMIT ?[0m  [["id", 1], ["LIMIT", 1]]
  ↳ app/views/home/index.html.erb:9
  [1m[36mActionText::RichText Load (0.3ms)[0m  [1m[34mSELECT "action_text_rich_texts".* FROM "action_text_rich_texts" WHERE "action_text_rich_texts"."record_id" = ? AND "action_text_rich_texts"."record_type" = ? AND "action_text_rich_texts"."name" = ? LIMIT ?[0m  [["record_id", 1], ["record_type", "Article"], ["name", "body"], ["LIMIT", 1]]
  ↳ app/views/home/index.html.erb:11
  Rendered home/index.html.erb within layouts/application (Duration: 16.9ms | Allocations: 2530)
[Webpacker] Everything's up-to-date. Nothing to do
  [1m[36mUser Load (0.1ms)[0m  [1m[34mSELECT "users".* FROM "users" WHERE "users"."id" = ? ORDER BY "users"."id" ASC LIMIT ?[0m  [["id", 2], ["LIMIT", 1]]
  ↳ app/views/layouts/_navbar.html.erb:8
  Rendered layouts/_navbar.html.erb (Duration: 1.9ms | Allocations: 867)
  Rendered shared/_message.html.erb (Duration: 0.1ms | Allocations: 49)
  Rendered layout layouts/application.html.erb (Duration: 32.0ms | Allocations: 8639)
Completed 200 OK in 57ms (Views: 32.3ms | ActiveRecord: 1.3ms | Allocations: 10179)


Started GET "/articles" for 127.0.0.1 at 2023-01-20 18:11:30 +0000
Processing by ArticlesController#index as HTML
  [1m[36mUser Load (0.1ms)[0m  [1m[34mSELECT "users".* FROM "users" WHERE "users"."id" = ? ORDER BY "users"."id" ASC LIMIT ?[0m  [["id", 2], ["LIMIT", 1]]
  ↳ app/controllers/articles_controller.rb:7:in `index'
  [1m[35m (0.2ms)[0m  [1m[34mSELECT COUNT(*) FROM "articles" WHERE "articles"."user_id" = ?[0m  [["user_id", 2]]
  ↳ app/controllers/articles_controller.rb:7:in `index'
  Rendering layout layouts/application.html.erb
  Rendering articles/index.html.erb within layouts/application
  [1m[36mArticle Load (0.1ms)[0m  [1m[34mSELECT "articles".* FROM "articles" WHERE "articles"."user_id" = ? LIMIT ? OFFSET ?[0m  [["user_id", 2], ["LIMIT", 10], ["OFFSET", 0]]
  ↳ app/views/articles/index.html.erb:7
  Rendered articles/index.html.erb within layouts/application (Duration: 1.5ms | Allocations: 586)
[Webpacker] Everything's up-to-date. Nothing to do
  Rendered layouts/_navbar.html.erb (Duration: 1.0ms | Allocations: 181)
  Rendered shared/_message.html.erb (Duration: 0.1ms | Allocations: 39)
  Rendered layout layouts/application.html.erb (Duration: 26.4ms | Allocations: 6582)
Completed 200 OK in 31ms (Views: 27.4ms | ActiveRecord: 0.4ms | Allocations: 8255)


Started GET "/users/2/edit" for 127.0.0.1 at 2023-01-20 18:11:59 +0000
Processing by UsersController#edit as HTML
  Parameters: {"id"=>"2"}
  [1m[36mUser Load (0.4ms)[0m  [1m[34mSELECT "users".* FROM "users" WHERE "users"."id" = ? ORDER BY "users"."id" ASC LIMIT ?[0m  [["id", 2], ["LIMIT", 1]]
  [1m[36mUser Load (0.1ms)[0m  [1m[34mSELECT "users".* FROM "users" WHERE "users"."id" = ? LIMIT ?[0m  [["id", 2], ["LIMIT", 1]]
  ↳ app/controllers/users_controller.rb:66:in `set_user'
  Rendering layout layouts/application.html.erb
  Rendering users/edit.html.erb within layouts/application
  Rendered users/_form.html.erb (Duration: 4.8ms | Allocations: 1455)
  Rendered users/edit.html.erb within layouts/application (Duration: 7.2ms | Allocations: 1756)
[Webpacker] Everything's up-to-date. Nothing to do
  Rendered layouts/_navbar.html.erb (Duration: 0.4ms | Allocations: 196)
  Rendered shared/_message.html.erb (Duration: 0.1ms | Allocations: 49)
  Rendered layout layouts/application.html.erb (Duration: 18.7ms | Allocations: 7143)
Completed 200 OK in 29ms (Views: 21.0ms | ActiveRecord: 0.5ms | Allocations: 9652)


Started GET "/" for 127.0.0.1 at 2023-01-20 18:12:06 +0000
Processing by HomeController#index as HTML
  [1m[35m (0.2ms)[0m  [1m[34mSELECT COUNT(*) FROM "articles" WHERE (status = 0)[0m
  ↳ app/controllers/home_controller.rb:12:in `find_articles'
  Rendering layout layouts/application.html.erb
  Rendering home/index.html.erb within layouts/application
  [1m[36mArticle Load (0.5ms)[0m  [1m[34mSELECT "articles".* FROM "articles" WHERE (status = 0) ORDER BY "articles"."created_at" DESC LIMIT ? OFFSET ?[0m  [["LIMIT", 1], ["OFFSET", 0]]
  ↳ app/views/home/index.html.erb:1
  [1m[36mUser Load (4.7ms)[0m  [1m[34mSELECT "users".* FROM "users" WHERE "users"."id" = ? LIMIT ?[0m  [["id", 1], ["LIMIT", 1]]
  ↳ app/views/home/index.html.erb:9
  [1m[36mActionText::RichText Load (0.3ms)[0m  [1m[34mSELECT "action_text_rich_texts".* FROM "action_text_rich_texts" WHERE "action_text_rich_texts"."record_id" = ? AND "action_text_rich_texts"."record_type" = ? AND "action_text_rich_texts"."name" = ? LIMIT ?[0m  [["record_id", 1], ["record_type", "Article"], ["name", "body"], ["LIMIT", 1]]
  ↳ app/views/home/index.html.erb:11
  Rendered home/index.html.erb within layouts/application (Duration: 18.8ms | Allocations: 2536)
[Webpacker] Everything's up-to-date. Nothing to do
  [1m[36mUser Load (0.1ms)[0m  [1m[34mSELECT "users".* FROM "users" WHERE "users"."id" = ? ORDER BY "users"."id" ASC LIMIT ?[0m  [["id", 2], ["LIMIT", 1]]
  ↳ app/views/layouts/_navbar.html.erb:8
  Rendered layouts/_navbar.html.erb (Duration: 4.6ms | Allocations: 873)
  Rendered shared/_message.html.erb (Duration: 0.2ms | Allocations: 49)
  Rendered layout layouts/application.html.erb (Duration: 46.1ms | Allocations: 9153)
Completed 200 OK in 49ms (Views: 41.1ms | ActiveRecord: 5.9ms | Allocations: 10112)


Started DELETE "/users/sign_out" for 127.0.0.1 at 2023-01-20 18:12:07 +0000
Processing by Devise::SessionsController#destroy as HTML
  Parameters: {"authenticity_token"=>"[FILTERED]"}
  [1m[36mUser Load (0.2ms)[0m  [1m[34mSELECT "users".* FROM "users" WHERE "users"."id" = ? ORDER BY "users"."id" ASC LIMIT ?[0m  [["id", 2], ["LIMIT", 1]]
Redirected to http://127.0.0.1:3000/
Completed 302 Found in 11ms (ActiveRecord: 0.2ms | Allocations: 2085)


Started GET "/" for 127.0.0.1 at 2023-01-20 18:12:07 +0000
Processing by HomeController#index as HTML
  [1m[35m (0.2ms)[0m  [1m[34mSELECT COUNT(*) FROM "articles" WHERE (status = 0)[0m
  ↳ app/controllers/home_controller.rb:12:in `find_articles'
  Rendering layout layouts/application.html.erb
  Rendering home/index.html.erb within layouts/application
  [1m[36mArticle Load (0.4ms)[0m  [1m[34mSELECT "articles".* FROM "articles" WHERE (status = 0) ORDER BY "articles"."created_at" DESC LIMIT ? OFFSET ?[0m  [["LIMIT", 1], ["OFFSET", 0]]
  ↳ app/views/home/index.html.erb:1
  [1m[36mUser Load (0.4ms)[0m  [1m[34mSELECT "users".* FROM "users" WHERE "users"."id" = ? LIMIT ?[0m  [["id", 1], ["LIMIT", 1]]
  ↳ app/views/home/index.html.erb:9
  [1m[36mActionText::RichText Load (0.1ms)[0m  [1m[34mSELECT "action_text_rich_texts".* FROM "action_text_rich_texts" WHERE "action_text_rich_texts"."record_id" = ? AND "action_text_rich_texts"."record_type" = ? AND "action_text_rich_texts"."name" = ? LIMIT ?[0m  [["record_id", 1], ["record_type", "Article"], ["name", "body"], ["LIMIT", 1]]
  ↳ app/views/home/index.html.erb:11
  Rendered home/index.html.erb within layouts/application (Duration: 11.9ms | Allocations: 2527)
[Webpacker] Everything's up-to-date. Nothing to do
  Rendered layouts/_navbar.html.erb (Duration: 0.7ms | Allocations: 222)
  Rendered shared/_message.html.erb (Duration: 0.2ms | Allocations: 58)
  Rendered layout layouts/application.html.erb (Duration: 24.5ms | Allocations: 7913)
Completed 200 OK in 28ms (Views: 24.4ms | ActiveRecord: 1.2ms | Allocations: 8870)


Started GET "/" for 127.0.0.1 at 2023-01-20 18:12:15 +0000
Processing by HomeController#index as HTML
  [1m[35m (0.2ms)[0m  [1m[34mSELECT COUNT(*) FROM "articles" WHERE (status = 0)[0m
  ↳ app/controllers/home_controller.rb:12:in `find_articles'
  Rendering layout layouts/application.html.erb
  Rendering home/index.html.erb within layouts/application
  [1m[36mArticle Load (0.5ms)[0m  [1m[34mSELECT "articles".* FROM "articles" WHERE (status = 0) ORDER BY "articles"."created_at" DESC LIMIT ? OFFSET ?[0m  [["LIMIT", 1], ["OFFSET", 0]]
  ↳ app/views/home/index.html.erb:1
  [1m[36mUser Load (0.2ms)[0m  [1m[34mSELECT "users".* FROM "users" WHERE "users"."id" = ? LIMIT ?[0m  [["id", 1], ["LIMIT", 1]]
  ↳ app/views/home/index.html.erb:9
  [1m[36mActionText::RichText Load (0.3ms)[0m  [1m[34mSELECT "action_text_rich_texts".* FROM "action_text_rich_texts" WHERE "action_text_rich_texts"."record_id" = ? AND "action_text_rich_texts"."record_type" = ? AND "action_text_rich_texts"."name" = ? LIMIT ?[0m  [["record_id", 1], ["record_type", "Article"], ["name", "body"], ["LIMIT", 1]]
  ↳ app/views/home/index.html.erb:11
  Rendered home/index.html.erb within layouts/application (Duration: 11.9ms | Allocations: 2530)
[Webpacker] Everything's up-to-date. Nothing to do
  Rendered layouts/_navbar.html.erb (Duration: 1.3ms | Allocations: 221)
  Rendered shared/_message.html.erb (Duration: 0.2ms | Allocations: 49)
  Rendered layout layouts/application.html.erb (Duration: 29.2ms | Allocations: 7990)
Completed 200 OK in 32ms (Views: 28.7ms | ActiveRecord: 1.2ms | Allocations: 8942)


Started GET "/users/sign_in" for 127.0.0.1 at 2023-01-20 18:12:17 +0000
Processing by Devise::SessionsController#new as HTML
  Rendering layout layouts/application.html.erb
  Rendering devise/sessions/new.html.erb within layouts/application
  Rendered devise/shared/_error_messages.html.erb (Duration: 0.1ms | Allocations: 42)
  Rendered devise/shared/_links.html.erb (Duration: 0.2ms | Allocations: 96)
  Rendered devise/sessions/new.html.erb within layouts/application (Duration: 8.1ms | Allocations: 1101)
[Webpacker] Everything's up-to-date. Nothing to do
  Rendered layouts/_navbar.html.erb (Duration: 0.5ms | Allocations: 200)
  Rendered shared/_message.html.erb (Duration: 0.1ms | Allocations: 49)
  Rendered layout layouts/application.html.erb (Duration: 29.2ms | Allocations: 7147)
Completed 200 OK in 32ms (Views: 30.1ms | ActiveRecord: 0.0ms | Allocations: 7733)


Started POST "/users/sign_in" for 127.0.0.1 at 2023-01-20 18:12:26 +0000
Processing by Devise::SessionsController#create as HTML
  Parameters: {"authenticity_token"=>"[FILTERED]", "user"=>{"email"=>"testuser@gmail.com", "password"=>"[FILTERED]", "remember_me"=>"1"}, "commit"=>"Sign In"}
  [1m[36mUser Load (0.4ms)[0m  [1m[34mSELECT "users".* FROM "users" WHERE "users"."email" = ? ORDER BY "users"."id" ASC LIMIT ?[0m  [["email", "testuser@gmail.com"], ["LIMIT", 1]]
  [1m[36mTRANSACTION (0.1ms)[0m  [1m[36mbegin transaction[0m
  [1m[36mUser Update (0.6ms)[0m  [1m[33mUPDATE "users" SET "remember_created_at" = ? WHERE "users"."id" = ?[0m  [["remember_created_at", "2023-01-20 18:12:26.580630"], ["id", 2]]
  [1m[36mTRANSACTION (1.8ms)[0m  [1m[36mcommit transaction[0m
Redirected to http://127.0.0.1:3000/
Completed 302 Found in 326ms (ActiveRecord: 2.9ms | Allocations: 5641)


Started GET "/" for 127.0.0.1 at 2023-01-20 18:12:26 +0000
Processing by HomeController#index as HTML
  [1m[35m (0.2ms)[0m  [1m[34mSELECT COUNT(*) FROM "articles" WHERE (status = 0)[0m
  ↳ app/controllers/home_controller.rb:12:in `find_articles'
  Rendering layout layouts/application.html.erb
  Rendering home/index.html.erb within layouts/application
  [1m[36mArticle Load (0.2ms)[0m  [1m[34mSELECT "articles".* FROM "articles" WHERE (status = 0) ORDER BY "articles"."created_at" DESC LIMIT ? OFFSET ?[0m  [["LIMIT", 1], ["OFFSET", 0]]
  ↳ app/views/home/index.html.erb:1
  [1m[36mUser Load (0.1ms)[0m  [1m[34mSELECT "users".* FROM "users" WHERE "users"."id" = ? LIMIT ?[0m  [["id", 1], ["LIMIT", 1]]
  ↳ app/views/home/index.html.erb:9
  [1m[36mActionText::RichText Load (0.1ms)[0m  [1m[34mSELECT "action_text_rich_texts".* FROM "action_text_rich_texts" WHERE "action_text_rich_texts"."record_id" = ? AND "action_text_rich_texts"."record_type" = ? AND "action_text_rich_texts"."name" = ? LIMIT ?[0m  [["record_id", 1], ["record_type", "Article"], ["name", "body"], ["LIMIT", 1]]
  ↳ app/views/home/index.html.erb:11
  Rendered home/index.html.erb within layouts/application (Duration: 6.7ms | Allocations: 2526)
[Webpacker] Everything's up-to-date. Nothing to do
  [1m[36mUser Load (0.1ms)[0m  [1m[34mSELECT "users".* FROM "users" WHERE "users"."id" = ? ORDER BY "users"."id" ASC LIMIT ?[0m  [["id", 2], ["LIMIT", 1]]
  ↳ app/views/layouts/_navbar.html.erb:8
  Rendered layouts/_navbar.html.erb (Duration: 3.2ms | Allocations: 868)
  Rendered shared/_message.html.erb (Duration: 0.2ms | Allocations: 57)
  Rendered layout layouts/application.html.erb (Duration: 21.7ms | Allocations: 8637)
Completed 200 OK in 25ms (Views: 21.7ms | ActiveRecord: 0.8ms | Allocations: 9596)


Started GET "/" for 127.0.0.1 at 2023-01-20 18:23:15 +0000
Processing by HomeController#index as HTML
  [1m[35m (0.1ms)[0m  [1m[34mSELECT sqlite_version(*)[0m
  ↳ app/models/article.rb:11:in `block in <class:Article>'
  [1m[35m (1.4ms)[0m  [1m[34mSELECT COUNT(*) FROM "articles" WHERE (status = 0)[0m
  ↳ app/controllers/home_controller.rb:12:in `find_articles'
  Rendering layout layouts/application.html.erb
  Rendering home/index.html.erb within layouts/application
  [1m[36mArticle Load (0.4ms)[0m  [1m[34mSELECT "articles".* FROM "articles" WHERE (status = 0) ORDER BY "articles"."created_at" DESC LIMIT ? OFFSET ?[0m  [["LIMIT", 1], ["OFFSET", 0]]
  ↳ app/views/home/index.html.erb:1
  [1m[36mUser Load (1.9ms)[0m  [1m[34mSELECT "users".* FROM "users" WHERE "users"."id" = ? LIMIT ?[0m  [["id", 1], ["LIMIT", 1]]
  ↳ app/views/home/index.html.erb:9
  [1m[36mActionText::RichText Load (1.7ms)[0m  [1m[34mSELECT "action_text_rich_texts".* FROM "action_text_rich_texts" WHERE "action_text_rich_texts"."record_id" = ? AND "action_text_rich_texts"."record_type" = ? AND "action_text_rich_texts"."name" = ? LIMIT ?[0m  [["record_id", 1], ["record_type", "Article"], ["name", "body"], ["LIMIT", 1]]
  ↳ app/views/home/index.html.erb:11
  Rendered home/index.html.erb within layouts/application (Duration: 13.0ms | Allocations: 2576)
[Webpacker] Everything's up-to-date. Nothing to do
  [1m[36mUser Load (0.3ms)[0m  [1m[34mSELECT "users".* FROM "users" WHERE "users"."id" = ? ORDER BY "users"."id" ASC LIMIT ?[0m  [["id", 2], ["LIMIT", 1]]
  ↳ app/views/layouts/_navbar.html.erb:8
  Rendered layouts/_navbar.html.erb (Duration: 4.8ms | Allocations: 889)
  Rendered shared/_message.html.erb (Duration: 0.8ms | Allocations: 49)
  Rendered layout layouts/application.html.erb (Duration: 52.5ms | Allocations: 8699)
Completed 200 OK in 64ms (Views: 50.6ms | ActiveRecord: 7.8ms | Allocations: 10144)


Started GET "/" for 127.0.0.1 at 2023-01-20 18:23:18 +0000
Processing by HomeController#index as HTML
  [1m[35m (0.2ms)[0m  [1m[34mSELECT COUNT(*) FROM "articles" WHERE (status = 0)[0m
  ↳ app/controllers/home_controller.rb:12:in `find_articles'
  Rendering layout layouts/application.html.erb
  Rendering home/index.html.erb within layouts/application
  [1m[36mArticle Load (0.6ms)[0m  [1m[34mSELECT "articles".* FROM "articles" WHERE (status = 0) ORDER BY "articles"."created_at" DESC LIMIT ? OFFSET ?[0m  [["LIMIT", 1], ["OFFSET", 0]]
  ↳ app/views/home/index.html.erb:1
  [1m[36mUser Load (0.1ms)[0m  [1m[34mSELECT "users".* FROM "users" WHERE "users"."id" = ? LIMIT ?[0m  [["id", 1], ["LIMIT", 1]]
  ↳ app/views/home/index.html.erb:9
  [1m[36mActionText::RichText Load (0.1ms)[0m  [1m[34mSELECT "action_text_rich_texts".* FROM "action_text_rich_texts" WHERE "action_text_rich_texts"."record_id" = ? AND "action_text_rich_texts"."record_type" = ? AND "action_text_rich_texts"."name" = ? LIMIT ?[0m  [["record_id", 1], ["record_type", "Article"], ["name", "body"], ["LIMIT", 1]]
  ↳ app/views/home/index.html.erb:11
  Rendered home/index.html.erb within layouts/application (Duration: 15.3ms | Allocations: 2530)
[Webpacker] Everything's up-to-date. Nothing to do
  [1m[36mUser Load (0.6ms)[0m  [1m[34mSELECT "users".* FROM "users" WHERE "users"."id" = ? ORDER BY "users"."id" ASC LIMIT ?[0m  [["id", 2], ["LIMIT", 1]]
  ↳ app/views/layouts/_navbar.html.erb:8
  Rendered layouts/_navbar.html.erb (Duration: 10.8ms | Allocations: 868)
  Rendered shared/_message.html.erb (Duration: 0.2ms | Allocations: 49)
  Rendered layout layouts/application.html.erb (Duration: 44.4ms | Allocations: 8632)
Completed 200 OK in 47ms (Views: 43.6ms | ActiveRecord: 1.6ms | Allocations: 9589)


Started GET "/first-article" for 127.0.0.1 at 2023-01-20 18:23:22 +0000
Processing by ArticlesController#show as HTML
  Parameters: {"id"=>"first-article"}
  [1m[36mArticle Load (1.4ms)[0m  [1m[34mSELECT "articles".* FROM "articles" WHERE "articles"."slug" = ? LIMIT ?[0m  [["slug", "first-article"], ["LIMIT", 1]]
  ↳ app/controllers/articles_controller.rb:67:in `set_article'
  [1m[36mUser Load (0.1ms)[0m  [1m[34mSELECT "users".* FROM "users" WHERE "users"."id" = ? LIMIT ?[0m  [["id", 1], ["LIMIT", 1]]
  ↳ app/controllers/articles_controller.rb:12:in `show'
  Rendering layout layouts/application.html.erb
  Rendering articles/show.html.erb within layouts/application
  [1m[36mActionText::RichText Load (0.2ms)[0m  [1m[34mSELECT "action_text_rich_texts".* FROM "action_text_rich_texts" WHERE "action_text_rich_texts"."record_id" = ? AND "action_text_rich_texts"."record_type" = ? AND "action_text_rich_texts"."name" = ? LIMIT ?[0m  [["record_id", 1], ["record_type", "Article"], ["name", "body"], ["LIMIT", 1]]
  ↳ app/views/articles/show.html.erb:12
  Rendered /Users/rutvijkulkarni/.rbenv/versions/2.7.2/lib/ruby/gems/2.7.0/gems/actiontext-6.1.3.1/app/views/action_text/content/_layout.html.erb (Duration: 0.8ms | Allocations: 295)
  [1m[36mUser Load (0.2ms)[0m  [1m[34mSELECT "users".* FROM "users" WHERE "users"."id" = ? ORDER BY "users"."id" ASC LIMIT ?[0m  [["id", 2], ["LIMIT", 1]]
  ↳ app/views/articles/show.html.erb:14
  [1m[36mLike Load (2.6ms)[0m  [1m[34mSELECT "likes".* FROM "likes" WHERE "likes"."article_id" = ?[0m  [["article_id", 1]]
  ↳ app/views/articles/show.html.erb:26:in `map'
  [1m[36mCACHE User Load (0.0ms)[0m  [1m[34mSELECT "users".* FROM "users" WHERE "users"."id" = ? LIMIT ?[0m  [["id", 1], ["LIMIT", 1]]
  ↳ app/views/articles/show.html.erb:26:in `map'
  [1m[36mUser Load (0.2ms)[0m  [1m[34mSELECT "users".* FROM "users" WHERE "users"."id" = ? LIMIT ?[0m  [["id", 2], ["LIMIT", 1]]
  ↳ app/views/articles/show.html.erb:26:in `map'
  [1m[36mLike Load (0.4ms)[0m  [1m[34mSELECT "likes".* FROM "likes" WHERE "likes"."article_id" = ? AND "likes"."article_id" = ? LIMIT ?[0m  [["article_id", 1], ["article_id", 1], ["LIMIT", 1]]
  ↳ app/views/articles/show.html.erb:27
  [1m[36mComment Load (5.6ms)[0m  [1m[34mSELECT "comments".* FROM "comments" WHERE "comments"."article_id" = ?[0m  [["article_id", 1]]
  ↳ app/views/articles/show.html.erb:39
  [1m[36mCACHE User Load (0.0ms)[0m  [1m[34mSELECT "users".* FROM "users" WHERE "users"."id" = ? LIMIT ?[0m  [["id", 1], ["LIMIT", 1]]
  ↳ app/views/articles/show.html.erb:41
  [1m[36mCACHE User Load (0.0ms)[0m  [1m[34mSELECT "users".* FROM "users" WHERE "users"."id" = ? LIMIT ?[0m  [["id", 2], ["LIMIT", 1]]
  ↳ app/views/articles/show.html.erb:41
  Rendered articles/show.html.erb within layouts/application (Duration: 34.4ms | Allocations: 6669)
[Webpacker] Everything's up-to-date. Nothing to do
  Rendered layouts/_navbar.html.erb (Duration: 0.4ms | Allocations: 185)
  Rendered shared/_message.html.erb (Duration: 0.1ms | Allocations: 49)
  Rendered layout layouts/application.html.erb (Duration: 49.2ms | Allocations: 12003)
Completed 200 OK in 58ms (Views: 40.7ms | ActiveRecord: 10.8ms | Allocations: 13613)


Started GET "/users/2/edit" for 127.0.0.1 at 2023-01-20 18:23:39 +0000
Processing by UsersController#edit as HTML
  Parameters: {"id"=>"2"}
  [1m[36mUser Load (0.2ms)[0m  [1m[34mSELECT "users".* FROM "users" WHERE "users"."id" = ? ORDER BY "users"."id" ASC LIMIT ?[0m  [["id", 2], ["LIMIT", 1]]
  [1m[36mUser Load (0.2ms)[0m  [1m[34mSELECT "users".* FROM "users" WHERE "users"."id" = ? LIMIT ?[0m  [["id", 2], ["LIMIT", 1]]
  ↳ app/controllers/users_controller.rb:66:in `set_user'
  Rendering layout layouts/application.html.erb
  Rendering users/edit.html.erb within layouts/application
  Rendered users/_form.html.erb (Duration: 2.2ms | Allocations: 994)
  Rendered users/edit.html.erb within layouts/application (Duration: 2.6ms | Allocations: 1083)
[Webpacker] Everything's up-to-date. Nothing to do
  Rendered layouts/_navbar.html.erb (Duration: 0.7ms | Allocations: 189)
  Rendered shared/_message.html.erb (Duration: 0.2ms | Allocations: 49)
  Rendered layout layouts/application.html.erb (Duration: 30.7ms | Allocations: 7009)
Completed 200 OK in 36ms (Views: 31.3ms | ActiveRecord: 0.4ms | Allocations: 8772)


Started GET "/" for 127.0.0.1 at 2023-01-20 18:27:52 +0000
Processing by HomeController#index as HTML
  [1m[35m (0.3ms)[0m  [1m[34mSELECT COUNT(*) FROM "articles" WHERE (status = 0)[0m
  ↳ app/controllers/home_controller.rb:12:in `find_articles'
  Rendering layout layouts/application.html.erb
  Rendering home/index.html.erb within layouts/application
  [1m[36mArticle Load (0.3ms)[0m  [1m[34mSELECT "articles".* FROM "articles" WHERE (status = 0) ORDER BY "articles"."created_at" DESC LIMIT ? OFFSET ?[0m  [["LIMIT", 1], ["OFFSET", 0]]
  ↳ app/views/home/index.html.erb:1
  [1m[36mUser Load (0.2ms)[0m  [1m[34mSELECT "users".* FROM "users" WHERE "users"."id" = ? LIMIT ?[0m  [["id", 1], ["LIMIT", 1]]
  ↳ app/views/home/index.html.erb:9
  [1m[36mActionText::RichText Load (0.5ms)[0m  [1m[34mSELECT "action_text_rich_texts".* FROM "action_text_rich_texts" WHERE "action_text_rich_texts"."record_id" = ? AND "action_text_rich_texts"."record_type" = ? AND "action_text_rich_texts"."name" = ? LIMIT ?[0m  [["record_id", 1], ["record_type", "Article"], ["name", "body"], ["LIMIT", 1]]
  ↳ app/views/home/index.html.erb:11
  Rendered home/index.html.erb within layouts/application (Duration: 11.0ms | Allocations: 2526)
[Webpacker] Everything's up-to-date. Nothing to do
  [1m[36mUser Load (0.1ms)[0m  [1m[34mSELECT "users".* FROM "users" WHERE "users"."id" = ? ORDER BY "users"."id" ASC LIMIT ?[0m  [["id", 2], ["LIMIT", 1]]
  ↳ app/views/layouts/_navbar.html.erb:8
  Rendered layouts/_navbar.html.erb (Duration: 2.3ms | Allocations: 868)
  Rendered shared/_message.html.erb (Duration: 0.1ms | Allocations: 49)
  Rendered layout layouts/application.html.erb (Duration: 47.6ms | Allocations: 9660)
Completed 200 OK in 52ms (Views: 47.2ms | ActiveRecord: 1.3ms | Allocations: 10617)


Started GET "/" for 127.0.0.1 at 2023-01-20 19:07:06 +0000
  [1m[35m (2.3ms)[0m  [1m[34mSELECT sqlite_version(*)[0m
  [1m[35m (5.4ms)[0m  [1m[34mSELECT "schema_migrations"."version" FROM "schema_migrations" ORDER BY "schema_migrations"."version" ASC[0m
Processing by HomeController#index as HTML
  [1m[35m (2.5ms)[0m  [1m[34mSELECT COUNT(*) FROM "articles" WHERE (status = 0)[0m
  ↳ app/controllers/home_controller.rb:12:in `find_articles'
  Rendering layout layouts/application.html.erb
  Rendering home/index.html.erb within layouts/application
  [1m[36mArticle Load (0.4ms)[0m  [1m[34mSELECT "articles".* FROM "articles" WHERE (status = 0) ORDER BY "articles"."created_at" DESC LIMIT ? OFFSET ?[0m  [["LIMIT", 1], ["OFFSET", 0]]
  ↳ app/views/home/index.html.erb:1
  [1m[36mUser Load (1.6ms)[0m  [1m[34mSELECT "users".* FROM "users" WHERE "users"."id" = ? LIMIT ?[0m  [["id", 1], ["LIMIT", 1]]
  ↳ app/views/home/index.html.erb:9
  [1m[36mActionText::RichText Load (1.9ms)[0m  [1m[34mSELECT "action_text_rich_texts".* FROM "action_text_rich_texts" WHERE "action_text_rich_texts"."record_id" = ? AND "action_text_rich_texts"."record_type" = ? AND "action_text_rich_texts"."name" = ? LIMIT ?[0m  [["record_id", 1], ["record_type", "Article"], ["name", "body"], ["LIMIT", 1]]
  ↳ app/views/home/index.html.erb:11
  Rendered home/index.html.erb within layouts/application (Duration: 285.7ms | Allocations: 20204)
[Webpacker] Everything's up-to-date. Nothing to do
  [1m[36mUser Load (0.2ms)[0m  [1m[34mSELECT "users".* FROM "users" WHERE "users"."id" = ? ORDER BY "users"."id" ASC LIMIT ?[0m  [["id", 2], ["LIMIT", 1]]
  ↳ app/views/layouts/_navbar.html.erb:8
  Rendered layouts/_navbar.html.erb (Duration: 4.5ms | Allocations: 1263)
  Rendered shared/_message.html.erb (Duration: 1.9ms | Allocations: 219)
  Rendered layout layouts/application.html.erb (Duration: 1118.2ms | Allocations: 89870)
Completed 200 OK in 1230ms (Views: 1121.9ms | ActiveRecord: 15.9ms | Allocations: 97062)


Started GET "/" for 127.0.0.1 at 2023-01-20 19:07:07 +0000
Processing by HomeController#index as HTML
  [1m[35m (0.2ms)[0m  [1m[34mSELECT COUNT(*) FROM "articles" WHERE (status = 0)[0m
  ↳ app/controllers/home_controller.rb:12:in `find_articles'
  Rendering layout layouts/application.html.erb
  Rendering home/index.html.erb within layouts/application
  [1m[36mArticle Load (0.3ms)[0m  [1m[34mSELECT "articles".* FROM "articles" WHERE (status = 0) ORDER BY "articles"."created_at" DESC LIMIT ? OFFSET ?[0m  [["LIMIT", 1], ["OFFSET", 0]]
  ↳ app/views/home/index.html.erb:1
  [1m[36mUser Load (0.2ms)[0m  [1m[34mSELECT "users".* FROM "users" WHERE "users"."id" = ? LIMIT ?[0m  [["id", 1], ["LIMIT", 1]]
  ↳ app/views/home/index.html.erb:9
  [1m[36mActionText::RichText Load (0.2ms)[0m  [1m[34mSELECT "action_text_rich_texts".* FROM "action_text_rich_texts" WHERE "action_text_rich_texts"."record_id" = ? AND "action_text_rich_texts"."record_type" = ? AND "action_text_rich_texts"."name" = ? LIMIT ?[0m  [["record_id", 1], ["record_type", "Article"], ["name", "body"], ["LIMIT", 1]]
  ↳ app/views/home/index.html.erb:11
  Rendered home/index.html.erb within layouts/application (Duration: 11.6ms | Allocations: 2543)
[Webpacker] Everything's up-to-date. Nothing to do
  [1m[36mUser Load (0.2ms)[0m  [1m[34mSELECT "users".* FROM "users" WHERE "users"."id" = ? ORDER BY "users"."id" ASC LIMIT ?[0m  [["id", 2], ["LIMIT", 1]]
  ↳ app/views/layouts/_navbar.html.erb:8
  Rendered layouts/_navbar.html.erb (Duration: 6.2ms | Allocations: 874)
  Rendered shared/_message.html.erb (Duration: 1.4ms | Allocations: 49)
  Rendered layout layouts/application.html.erb (Duration: 65.1ms | Allocations: 8636)
Completed 200 OK in 73ms (Views: 65.9ms | ActiveRecord: 1.1ms | Allocations: 9610)


Started GET "/first-article" for 127.0.0.1 at 2023-01-20 19:07:12 +0000
Processing by ArticlesController#show as HTML
  Parameters: {"id"=>"first-article"}
  [1m[36mArticle Load (1.7ms)[0m  [1m[34mSELECT "articles".* FROM "articles" WHERE "articles"."slug" = ? LIMIT ?[0m  [["slug", "first-article"], ["LIMIT", 1]]
  ↳ app/controllers/articles_controller.rb:67:in `set_article'
  [1m[36mUser Load (0.2ms)[0m  [1m[34mSELECT "users".* FROM "users" WHERE "users"."id" = ? LIMIT ?[0m  [["id", 1], ["LIMIT", 1]]
  ↳ app/controllers/articles_controller.rb:12:in `show'
  Rendering layout layouts/application.html.erb
  Rendering articles/show.html.erb within layouts/application
  [1m[36mActionText::RichText Load (0.2ms)[0m  [1m[34mSELECT "action_text_rich_texts".* FROM "action_text_rich_texts" WHERE "action_text_rich_texts"."record_id" = ? AND "action_text_rich_texts"."record_type" = ? AND "action_text_rich_texts"."name" = ? LIMIT ?[0m  [["record_id", 1], ["record_type", "Article"], ["name", "body"], ["LIMIT", 1]]
  ↳ app/views/articles/show.html.erb:12
  Rendered /Users/rutvijkulkarni/.rbenv/versions/2.7.2/lib/ruby/gems/2.7.0/gems/actiontext-6.1.3.1/app/views/action_text/content/_layout.html.erb (Duration: 2.4ms | Allocations: 392)
  [1m[36mUser Load (0.2ms)[0m  [1m[34mSELECT "users".* FROM "users" WHERE "users"."id" = ? ORDER BY "users"."id" ASC LIMIT ?[0m  [["id", 2], ["LIMIT", 1]]
  ↳ app/views/articles/show.html.erb:14
  [1m[36mLike Load (5.1ms)[0m  [1m[34mSELECT "likes".* FROM "likes" WHERE "likes"."article_id" = ?[0m  [["article_id", 1]]
  ↳ app/views/articles/show.html.erb:26:in `map'
  [1m[36mCACHE User Load (0.2ms)[0m  [1m[34mSELECT "users".* FROM "users" WHERE "users"."id" = ? LIMIT ?[0m  [["id", 1], ["LIMIT", 1]]
  ↳ app/views/articles/show.html.erb:26:in `map'
  [1m[36mUser Load (0.3ms)[0m  [1m[34mSELECT "users".* FROM "users" WHERE "users"."id" = ? LIMIT ?[0m  [["id", 2], ["LIMIT", 1]]
  ↳ app/views/articles/show.html.erb:26:in `map'
  [1m[36mLike Load (0.7ms)[0m  [1m[34mSELECT "likes".* FROM "likes" WHERE "likes"."article_id" = ? AND "likes"."article_id" = ? LIMIT ?[0m  [["article_id", 1], ["article_id", 1], ["LIMIT", 1]]
  ↳ app/views/articles/show.html.erb:27
  [1m[36mComment Load (1.5ms)[0m  [1m[34mSELECT "comments".* FROM "comments" WHERE "comments"."article_id" = ?[0m  [["article_id", 1]]
  ↳ app/views/articles/show.html.erb:39
  [1m[36mCACHE User Load (0.0ms)[0m  [1m[34mSELECT "users".* FROM "users" WHERE "users"."id" = ? LIMIT ?[0m  [["id", 1], ["LIMIT", 1]]
  ↳ app/views/articles/show.html.erb:41
  [1m[36mCACHE User Load (0.0ms)[0m  [1m[34mSELECT "users".* FROM "users" WHERE "users"."id" = ? LIMIT ?[0m  [["id", 2], ["LIMIT", 1]]
  ↳ app/views/articles/show.html.erb:41
  Rendered articles/show.html.erb within layouts/application (Duration: 75.3ms | Allocations: 15583)
[Webpacker] Everything's up-to-date. Nothing to do
  Rendered layouts/_navbar.html.erb (Duration: 0.7ms | Allocations: 185)
  Rendered shared/_message.html.erb (Duration: 0.2ms | Allocations: 49)
  Rendered layout layouts/application.html.erb (Duration: 96.5ms | Allocations: 20803)
Completed 200 OK in 132ms (Views: 94.1ms | ActiveRecord: 12.1ms | Allocations: 25628)


